<?xml version="1.0" encoding="UTF-8"?>
<testsuite name="com.edu.book.springboot.Controller.HelloControllerTest" tests="2" skipped="0" failures="0" errors="0" timestamp="2021-08-04T13:00:00" hostname="DESKTOP-SC72C65" time="0.256">
  <properties/>
  <testcase name="hello가_리턴된다" classname="com.edu.book.springboot.Controller.HelloControllerTest" time="0.193"/>
  <testcase name="helloDto가_리턴된다" classname="com.edu.book.springboot.Controller.HelloControllerTest" time="0.063"/>
  <system-out><![CDATA[21:59:58.011 [Test worker] DEBUG org.springframework.test.context.junit4.SpringJUnit4ClassRunner - SpringJUnit4ClassRunner constructor called with [class com.edu.book.springboot.Controller.HelloControllerTest]
21:59:58.018 [Test worker] DEBUG org.springframework.test.context.BootstrapUtils - Instantiating CacheAwareContextLoaderDelegate from class [org.springframework.test.context.cache.DefaultCacheAwareContextLoaderDelegate]
21:59:58.025 [Test worker] DEBUG org.springframework.test.context.BootstrapUtils - Instantiating BootstrapContext using constructor [public org.springframework.test.context.support.DefaultBootstrapContext(java.lang.Class,org.springframework.test.context.CacheAwareContextLoaderDelegate)]
21:59:58.040 [Test worker] DEBUG org.springframework.test.context.BootstrapUtils - Instantiating TestContextBootstrapper for test class [com.edu.book.springboot.Controller.HelloControllerTest] from class [org.springframework.boot.test.autoconfigure.web.servlet.WebMvcTestContextBootstrapper]
21:59:58.055 [Test worker] INFO org.springframework.boot.test.autoconfigure.web.servlet.WebMvcTestContextBootstrapper - Neither @ContextConfiguration nor @ContextHierarchy found for test class [com.edu.book.springboot.Controller.HelloControllerTest], using SpringBootContextLoader
21:59:58.058 [Test worker] DEBUG org.springframework.test.context.support.AbstractContextLoader - Did not detect default resource location for test class [com.edu.book.springboot.Controller.HelloControllerTest]: class path resource [com/edu/book/springboot/Controller/HelloControllerTest-context.xml] does not exist
21:59:58.058 [Test worker] DEBUG org.springframework.test.context.support.AbstractContextLoader - Did not detect default resource location for test class [com.edu.book.springboot.Controller.HelloControllerTest]: class path resource [com/edu/book/springboot/Controller/HelloControllerTestContext.groovy] does not exist
21:59:58.058 [Test worker] INFO org.springframework.test.context.support.AbstractContextLoader - Could not detect default resource locations for test class [com.edu.book.springboot.Controller.HelloControllerTest]: no resource found for suffixes {-context.xml, Context.groovy}.
21:59:58.058 [Test worker] INFO org.springframework.test.context.support.AnnotationConfigContextLoaderUtils - Could not detect default configuration classes for test class [com.edu.book.springboot.Controller.HelloControllerTest]: HelloControllerTest does not declare any static, non-private, non-final, nested classes annotated with @Configuration.
21:59:58.113 [Test worker] DEBUG org.springframework.test.context.support.ActiveProfilesUtils - Could not find an 'annotation declaring class' for annotation type [org.springframework.test.context.ActiveProfiles] and class [com.edu.book.springboot.Controller.HelloControllerTest]
21:59:58.174 [Test worker] DEBUG org.springframework.context.annotation.ClassPathScanningCandidateComponentProvider - Identified candidate component class: file [C:\Users\SeJin\Desktop\Git\web_education\webservice\build\classes\java\main\com\edu\book\springboot\Application.class]
21:59:58.175 [Test worker] INFO org.springframework.boot.test.context.SpringBootTestContextBootstrapper - Found @SpringBootConfiguration com.edu.book.springboot.Application for test class com.edu.book.springboot.Controller.HelloControllerTest
21:59:58.176 [Test worker] DEBUG org.springframework.boot.test.autoconfigure.web.servlet.WebMvcTestContextBootstrapper - @TestExecutionListeners is not present for class [com.edu.book.springboot.Controller.HelloControllerTest]: using defaults.
21:59:58.176 [Test worker] INFO org.springframework.boot.test.autoconfigure.web.servlet.WebMvcTestContextBootstrapper - Loaded default TestExecutionListener class names from location [META-INF/spring.factories]: [org.springframework.security.test.context.support.WithSecurityContextTestExecutionListener, org.springframework.security.test.context.support.ReactorContextTestExecutionListener, org.springframework.boot.test.autoconfigure.restdocs.RestDocsTestExecutionListener, org.springframework.boot.test.autoconfigure.web.client.MockRestServiceServerResetTestExecutionListener, org.springframework.boot.test.autoconfigure.web.servlet.MockMvcPrintOnlyOnFailureTestExecutionListener, org.springframework.boot.test.autoconfigure.web.servlet.WebDriverTestExecutionListener, org.springframework.boot.test.mock.mockito.MockitoTestExecutionListener, org.springframework.boot.test.mock.mockito.ResetMocksTestExecutionListener, org.springframework.test.context.web.ServletTestExecutionListener, org.springframework.test.context.support.DirtiesContextBeforeModesTestExecutionListener, org.springframework.test.context.support.DependencyInjectionTestExecutionListener, org.springframework.test.context.support.DirtiesContextTestExecutionListener, org.springframework.test.context.transaction.TransactionalTestExecutionListener, org.springframework.test.context.jdbc.SqlScriptsTestExecutionListener]
21:59:58.197 [Test worker] INFO org.springframework.boot.test.autoconfigure.web.servlet.WebMvcTestContextBootstrapper - Using TestExecutionListeners: [org.springframework.test.context.web.ServletTestExecutionListener@50e84195, org.springframework.test.context.support.DirtiesContextBeforeModesTestExecutionListener@4e9dff1, org.springframework.boot.test.mock.mockito.MockitoTestExecutionListener@217bb81c, org.springframework.boot.test.autoconfigure.SpringBootDependencyInjectionTestExecutionListener@604a80bd, org.springframework.test.context.support.DirtiesContextTestExecutionListener@72bc91c8, org.springframework.test.context.transaction.TransactionalTestExecutionListener@38e0ce39, org.springframework.test.context.jdbc.SqlScriptsTestExecutionListener@44273a61, org.springframework.security.test.context.support.WithSecurityContextTestExecutionListener@70dc0530, org.springframework.security.test.context.support.ReactorContextTestExecutionListener@66f8e832, org.springframework.boot.test.autoconfigure.restdocs.RestDocsTestExecutionListener@58d773d2, org.springframework.boot.test.autoconfigure.web.client.MockRestServiceServerResetTestExecutionListener@25deae9b, org.springframework.boot.test.autoconfigure.web.servlet.MockMvcPrintOnlyOnFailureTestExecutionListener@35bbda95, org.springframework.boot.test.autoconfigure.web.servlet.WebDriverTestExecutionListener@14a30d68, org.springframework.boot.test.mock.mockito.ResetMocksTestExecutionListener@7789a5cd]
21:59:58.199 [Test worker] DEBUG org.springframework.test.annotation.ProfileValueUtils - Retrieved @ProfileValueSourceConfiguration [null] for test class [com.edu.book.springboot.Controller.HelloControllerTest]
21:59:58.200 [Test worker] DEBUG org.springframework.test.annotation.ProfileValueUtils - Retrieved ProfileValueSource type [class org.springframework.test.annotation.SystemProfileValueSource] for class [com.edu.book.springboot.Controller.HelloControllerTest]
21:59:58.200 [Test worker] DEBUG org.springframework.test.annotation.ProfileValueUtils - Retrieved @ProfileValueSourceConfiguration [null] for test class [com.edu.book.springboot.Controller.HelloControllerTest]
21:59:58.200 [Test worker] DEBUG org.springframework.test.annotation.ProfileValueUtils - Retrieved ProfileValueSource type [class org.springframework.test.annotation.SystemProfileValueSource] for class [com.edu.book.springboot.Controller.HelloControllerTest]
21:59:58.204 [Test worker] DEBUG org.springframework.test.context.support.AbstractDirtiesContextTestExecutionListener - Before test class: context [DefaultTestContext@5e196326 testClass = HelloControllerTest, testInstance = [null], testMethod = [null], testException = [null], mergedContextConfiguration = [WebMergedContextConfiguration@264adf36 testClass = HelloControllerTest, locations = '{}', classes = '{class com.edu.book.springboot.Application}', contextInitializerClasses = '[]', activeProfiles = '{}', propertySourceLocations = '{}', propertySourceProperties = '{org.springframework.boot.test.autoconfigure.web.servlet.WebMvcTestContextBootstrapper=true}', contextCustomizers = set[org.springframework.boot.test.autoconfigure.OverrideAutoConfigurationContextCustomizerFactory$DisableAutoConfigurationContextCustomizer@358d899c, org.springframework.boot.test.autoconfigure.filter.TypeExcludeFiltersContextCustomizer@7ac19a0d, org.springframework.boot.test.autoconfigure.properties.PropertyMappingContextCustomizer@b6046d13, org.springframework.boot.test.autoconfigure.web.servlet.WebDriverContextCustomizerFactory$Customizer@78e0df30, [ImportsContextCustomizer@12b1b2e7 key = [org.springframework.boot.autoconfigure.cache.CacheAutoConfiguration, org.springframework.boot.autoconfigure.context.MessageSourceAutoConfiguration, org.springframework.boot.autoconfigure.data.web.SpringDataWebAutoConfiguration, org.springframework.boot.autoconfigure.freemarker.FreeMarkerAutoConfiguration, org.springframework.boot.autoconfigure.groovy.template.GroovyTemplateAutoConfiguration, org.springframework.boot.autoconfigure.gson.GsonAutoConfiguration, org.springframework.boot.autoconfigure.hateoas.HypermediaAutoConfiguration, org.springframework.boot.autoconfigure.http.HttpMessageConvertersAutoConfiguration, org.springframework.boot.autoconfigure.jackson.JacksonAutoConfiguration, org.springframework.boot.autoconfigure.jsonb.JsonbAutoConfiguration, org.springframework.boot.autoconfigure.mustache.MustacheAutoConfiguration, org.springframework.boot.autoconfigure.task.TaskExecutionAutoConfiguration, org.springframework.boot.autoconfigure.thymeleaf.ThymeleafAutoConfiguration, org.springframework.boot.autoconfigure.validation.ValidationAutoConfiguration, org.springframework.boot.autoconfigure.web.servlet.error.ErrorMvcAutoConfiguration, org.springframework.boot.autoconfigure.web.servlet.WebMvcAutoConfiguration, org.springframework.boot.test.autoconfigure.web.servlet.MockMvcAutoConfiguration, org.springframework.boot.test.autoconfigure.web.servlet.MockMvcSecurityAutoConfiguration, org.springframework.boot.test.autoconfigure.web.servlet.MockMvcWebClientAutoConfiguration, org.springframework.boot.test.autoconfigure.web.servlet.MockMvcWebDriverAutoConfiguration]], org.springframework.boot.test.context.filter.ExcludeFilterContextCustomizer@2255145d, org.springframework.boot.test.json.DuplicateJsonObjectContextCustomizerFactory$DuplicateJsonObjectContextCustomizer@50154085, org.springframework.boot.test.mock.mockito.MockitoContextCustomizer@0], resourceBasePath = 'src/main/webapp', contextLoader = 'org.springframework.boot.test.context.SpringBootContextLoader', parent = [null]], attributes = map[[empty]]], class annotated with @DirtiesContext [false] with mode [null].
21:59:58.205 [Test worker] DEBUG org.springframework.test.annotation.ProfileValueUtils - Retrieved @ProfileValueSourceConfiguration [null] for test class [com.edu.book.springboot.Controller.HelloControllerTest]
21:59:58.205 [Test worker] DEBUG org.springframework.test.annotation.ProfileValueUtils - Retrieved ProfileValueSource type [class org.springframework.test.annotation.SystemProfileValueSource] for class [com.edu.book.springboot.Controller.HelloControllerTest]
21:59:58.209 [Test worker] DEBUG org.springframework.test.context.support.DependencyInjectionTestExecutionListener - Performing dependency injection for test context [[DefaultTestContext@5e196326 testClass = HelloControllerTest, testInstance = com.edu.book.springboot.Controller.HelloControllerTest@7cb477ba, testMethod = [null], testException = [null], mergedContextConfiguration = [WebMergedContextConfiguration@264adf36 testClass = HelloControllerTest, locations = '{}', classes = '{class com.edu.book.springboot.Application}', contextInitializerClasses = '[]', activeProfiles = '{}', propertySourceLocations = '{}', propertySourceProperties = '{org.springframework.boot.test.autoconfigure.web.servlet.WebMvcTestContextBootstrapper=true}', contextCustomizers = set[org.springframework.boot.test.autoconfigure.OverrideAutoConfigurationContextCustomizerFactory$DisableAutoConfigurationContextCustomizer@358d899c, org.springframework.boot.test.autoconfigure.filter.TypeExcludeFiltersContextCustomizer@7ac19a0d, org.springframework.boot.test.autoconfigure.properties.PropertyMappingContextCustomizer@b6046d13, org.springframework.boot.test.autoconfigure.web.servlet.WebDriverContextCustomizerFactory$Customizer@78e0df30, [ImportsContextCustomizer@12b1b2e7 key = [org.springframework.boot.autoconfigure.cache.CacheAutoConfiguration, org.springframework.boot.autoconfigure.context.MessageSourceAutoConfiguration, org.springframework.boot.autoconfigure.data.web.SpringDataWebAutoConfiguration, org.springframework.boot.autoconfigure.freemarker.FreeMarkerAutoConfiguration, org.springframework.boot.autoconfigure.groovy.template.GroovyTemplateAutoConfiguration, org.springframework.boot.autoconfigure.gson.GsonAutoConfiguration, org.springframework.boot.autoconfigure.hateoas.HypermediaAutoConfiguration, org.springframework.boot.autoconfigure.http.HttpMessageConvertersAutoConfiguration, org.springframework.boot.autoconfigure.jackson.JacksonAutoConfiguration, org.springframework.boot.autoconfigure.jsonb.JsonbAutoConfiguration, org.springframework.boot.autoconfigure.mustache.MustacheAutoConfiguration, org.springframework.boot.autoconfigure.task.TaskExecutionAutoConfiguration, org.springframework.boot.autoconfigure.thymeleaf.ThymeleafAutoConfiguration, org.springframework.boot.autoconfigure.validation.ValidationAutoConfiguration, org.springframework.boot.autoconfigure.web.servlet.error.ErrorMvcAutoConfiguration, org.springframework.boot.autoconfigure.web.servlet.WebMvcAutoConfiguration, org.springframework.boot.test.autoconfigure.web.servlet.MockMvcAutoConfiguration, org.springframework.boot.test.autoconfigure.web.servlet.MockMvcSecurityAutoConfiguration, org.springframework.boot.test.autoconfigure.web.servlet.MockMvcWebClientAutoConfiguration, org.springframework.boot.test.autoconfigure.web.servlet.MockMvcWebDriverAutoConfiguration]], org.springframework.boot.test.context.filter.ExcludeFilterContextCustomizer@2255145d, org.springframework.boot.test.json.DuplicateJsonObjectContextCustomizerFactory$DuplicateJsonObjectContextCustomizer@50154085, org.springframework.boot.test.mock.mockito.MockitoContextCustomizer@0], resourceBasePath = 'src/main/webapp', contextLoader = 'org.springframework.boot.test.context.SpringBootContextLoader', parent = [null]], attributes = map[[empty]]]].
21:59:58.312 [Test worker] DEBUG org.springframework.test.context.support.TestPropertySourceUtils - Adding inlined properties to environment: {spring.jmx.enabled=false, org.springframework.boot.test.autoconfigure.web.servlet.WebMvcTestContextBootstrapper=true, server.port=-1}

  .   ____          _            __ _ _
 /\\ / ___'_ __ _ _(_)_ __  __ _ \ \ \ \
( ( )\___ | '_ | '_| | '_ \/ _` | \ \ \ \
 \\/  ___)| |_)| | | | | || (_| |  ) ) ) )
  '  |____| .__|_| |_|_| |_\__, | / / / /
 =========|_|==============|___/=/_/_/_/
 :: Spring Boot ::        (v2.1.7.RELEASE)

2021-08-04 21:59:58.545  INFO 22496 --- [    Test worker] c.e.b.s.Controller.HelloControllerTest   : Starting HelloControllerTest on DESKTOP-SC72C65 with PID 22496 (started by SeJin in C:\Users\SeJin\Desktop\Git\web_education\webservice)
2021-08-04 21:59:58.547  INFO 22496 --- [    Test worker] c.e.b.s.Controller.HelloControllerTest   : No active profile set, falling back to default profiles: default
2021-08-04 21:59:59.575  INFO 22496 --- [    Test worker] o.s.s.concurrent.ThreadPoolTaskExecutor  : Initializing ExecutorService 'applicationTaskExecutor'
2021-08-04 21:59:59.647  INFO 22496 --- [    Test worker] o.s.b.a.w.s.WelcomePageHandlerMapping    : Adding welcome page template: index
2021-08-04 21:59:59.911  INFO 22496 --- [    Test worker] .s.s.UserDetailsServiceAutoConfiguration : 

Using generated security password: f182b1da-e140-4f8f-bfca-e6b292869c81

2021-08-04 22:00:00.120  INFO 22496 --- [    Test worker] o.s.s.web.DefaultSecurityFilterChain     : Creating filter chain: any request, [org.springframework.security.web.context.request.async.WebAsyncManagerIntegrationFilter@17cae9b9, org.springframework.security.web.context.SecurityContextPersistenceFilter@35253aa3, org.springframework.security.web.header.HeaderWriterFilter@4078ea96, org.springframework.security.web.csrf.CsrfFilter@62738314, org.springframework.security.web.authentication.logout.LogoutFilter@107322ef, org.springframework.security.web.authentication.UsernamePasswordAuthenticationFilter@767a4676, org.springframework.security.web.authentication.ui.DefaultLoginPageGeneratingFilter@72ba22e8, org.springframework.security.web.authentication.ui.DefaultLogoutPageGeneratingFilter@21d3a9ca, org.springframework.security.web.authentication.www.BasicAuthenticationFilter@53e22e4e, org.springframework.security.web.savedrequest.RequestCacheAwareFilter@5d4dbcfb, org.springframework.security.web.servletapi.SecurityContextHolderAwareRequestFilter@329c8ee, org.springframework.security.web.authentication.AnonymousAuthenticationFilter@2ec99345, org.springframework.security.web.session.SessionManagementFilter@2d8b7992, org.springframework.security.web.access.ExceptionTranslationFilter@7c7eddf4, org.springframework.security.web.access.intercept.FilterSecurityInterceptor@61e12fac]
2021-08-04 22:00:00.160  INFO 22496 --- [    Test worker] o.s.b.t.m.w.SpringBootMockServletContext : Initializing Spring TestDispatcherServlet ''
2021-08-04 22:00:00.160  INFO 22496 --- [    Test worker] o.s.t.web.servlet.TestDispatcherServlet  : Initializing Servlet ''
2021-08-04 22:00:00.171  INFO 22496 --- [    Test worker] o.s.t.web.servlet.TestDispatcherServlet  : Completed initialization in 11 ms
2021-08-04 22:00:00.211  INFO 22496 --- [    Test worker] c.e.b.s.Controller.HelloControllerTest   : Started HelloControllerTest in 1.89 seconds (JVM running for 2.728)
]]></system-out>
  <system-err><![CDATA[]]></system-err>
</testsuite>
