<?xml version="1.0" encoding="UTF-8"?>
<testsuite name="com.edu.book.springboot.domain.posts.PostsRepositoryTest" tests="1" skipped="0" failures="0" errors="0" timestamp="2021-03-31T15:55:03" hostname="DESKTOP-SC72C65" time="0.412">
  <properties/>
  <testcase name="게시글저장_불러오기" classname="com.edu.book.springboot.domain.posts.PostsRepositoryTest" time="0.412"/>
  <system-out><![CDATA[00:54:59.690 [Test worker] DEBUG org.springframework.test.context.junit4.SpringJUnit4ClassRunner - SpringJUnit4ClassRunner constructor called with [class com.edu.book.springboot.domain.posts.PostsRepositoryTest]
00:54:59.697 [Test worker] DEBUG org.springframework.test.context.BootstrapUtils - Instantiating CacheAwareContextLoaderDelegate from class [org.springframework.test.context.cache.DefaultCacheAwareContextLoaderDelegate]
00:54:59.705 [Test worker] DEBUG org.springframework.test.context.BootstrapUtils - Instantiating BootstrapContext using constructor [public org.springframework.test.context.support.DefaultBootstrapContext(java.lang.Class,org.springframework.test.context.CacheAwareContextLoaderDelegate)]
00:54:59.720 [Test worker] DEBUG org.springframework.test.context.BootstrapUtils - Instantiating TestContextBootstrapper for test class [com.edu.book.springboot.domain.posts.PostsRepositoryTest] from class [org.springframework.boot.test.context.SpringBootTestContextBootstrapper]
00:54:59.730 [Test worker] INFO org.springframework.boot.test.context.SpringBootTestContextBootstrapper - Neither @ContextConfiguration nor @ContextHierarchy found for test class [com.edu.book.springboot.domain.posts.PostsRepositoryTest], using SpringBootContextLoader
00:54:59.732 [Test worker] DEBUG org.springframework.test.context.support.AbstractContextLoader - Did not detect default resource location for test class [com.edu.book.springboot.domain.posts.PostsRepositoryTest]: class path resource [com/edu/book/springboot/domain/posts/PostsRepositoryTest-context.xml] does not exist
00:54:59.732 [Test worker] DEBUG org.springframework.test.context.support.AbstractContextLoader - Did not detect default resource location for test class [com.edu.book.springboot.domain.posts.PostsRepositoryTest]: class path resource [com/edu/book/springboot/domain/posts/PostsRepositoryTestContext.groovy] does not exist
00:54:59.733 [Test worker] INFO org.springframework.test.context.support.AbstractContextLoader - Could not detect default resource locations for test class [com.edu.book.springboot.domain.posts.PostsRepositoryTest]: no resource found for suffixes {-context.xml, Context.groovy}.
00:54:59.733 [Test worker] INFO org.springframework.test.context.support.AnnotationConfigContextLoaderUtils - Could not detect default configuration classes for test class [com.edu.book.springboot.domain.posts.PostsRepositoryTest]: PostsRepositoryTest does not declare any static, non-private, non-final, nested classes annotated with @Configuration.
00:54:59.765 [Test worker] DEBUG org.springframework.test.context.support.ActiveProfilesUtils - Could not find an 'annotation declaring class' for annotation type [org.springframework.test.context.ActiveProfiles] and class [com.edu.book.springboot.domain.posts.PostsRepositoryTest]
00:54:59.821 [Test worker] DEBUG org.springframework.context.annotation.ClassPathScanningCandidateComponentProvider - Identified candidate component class: file [C:\Users\SeJin\Desktop\Git\web_education\webservice\build\classes\java\main\com\edu\book\springboot\Application.class]
00:54:59.822 [Test worker] INFO org.springframework.boot.test.context.SpringBootTestContextBootstrapper - Found @SpringBootConfiguration com.edu.book.springboot.Application for test class com.edu.book.springboot.domain.posts.PostsRepositoryTest
00:54:59.899 [Test worker] DEBUG org.springframework.boot.test.context.SpringBootTestContextBootstrapper - @TestExecutionListeners is not present for class [com.edu.book.springboot.domain.posts.PostsRepositoryTest]: using defaults.
00:54:59.899 [Test worker] INFO org.springframework.boot.test.context.SpringBootTestContextBootstrapper - Loaded default TestExecutionListener class names from location [META-INF/spring.factories]: [org.springframework.boot.test.autoconfigure.restdocs.RestDocsTestExecutionListener, org.springframework.boot.test.autoconfigure.web.client.MockRestServiceServerResetTestExecutionListener, org.springframework.boot.test.autoconfigure.web.servlet.MockMvcPrintOnlyOnFailureTestExecutionListener, org.springframework.boot.test.autoconfigure.web.servlet.WebDriverTestExecutionListener, org.springframework.boot.test.mock.mockito.MockitoTestExecutionListener, org.springframework.boot.test.mock.mockito.ResetMocksTestExecutionListener, org.springframework.test.context.web.ServletTestExecutionListener, org.springframework.test.context.support.DirtiesContextBeforeModesTestExecutionListener, org.springframework.test.context.support.DependencyInjectionTestExecutionListener, org.springframework.test.context.support.DirtiesContextTestExecutionListener, org.springframework.test.context.transaction.TransactionalTestExecutionListener, org.springframework.test.context.jdbc.SqlScriptsTestExecutionListener]
00:54:59.914 [Test worker] INFO org.springframework.boot.test.context.SpringBootTestContextBootstrapper - Using TestExecutionListeners: [org.springframework.test.context.web.ServletTestExecutionListener@6cc8b586, org.springframework.test.context.support.DirtiesContextBeforeModesTestExecutionListener@29459c18, org.springframework.boot.test.mock.mockito.MockitoTestExecutionListener@6bbcd3eb, org.springframework.boot.test.autoconfigure.SpringBootDependencyInjectionTestExecutionListener@7e9fedd6, org.springframework.test.context.support.DirtiesContextTestExecutionListener@57521306, org.springframework.test.context.transaction.TransactionalTestExecutionListener@52f2e0a8, org.springframework.test.context.jdbc.SqlScriptsTestExecutionListener@5f5c4296, org.springframework.boot.test.autoconfigure.restdocs.RestDocsTestExecutionListener@5eacf5f6, org.springframework.boot.test.autoconfigure.web.client.MockRestServiceServerResetTestExecutionListener@19a10706, org.springframework.boot.test.autoconfigure.web.servlet.MockMvcPrintOnlyOnFailureTestExecutionListener@5c93533a, org.springframework.boot.test.autoconfigure.web.servlet.WebDriverTestExecutionListener@61e6f2cc, org.springframework.boot.test.mock.mockito.ResetMocksTestExecutionListener@585ca843]
00:54:59.916 [Test worker] DEBUG org.springframework.test.annotation.ProfileValueUtils - Retrieved @ProfileValueSourceConfiguration [null] for test class [com.edu.book.springboot.domain.posts.PostsRepositoryTest]
00:54:59.917 [Test worker] DEBUG org.springframework.test.annotation.ProfileValueUtils - Retrieved ProfileValueSource type [class org.springframework.test.annotation.SystemProfileValueSource] for class [com.edu.book.springboot.domain.posts.PostsRepositoryTest]
00:54:59.919 [Test worker] DEBUG org.springframework.test.annotation.ProfileValueUtils - Retrieved @ProfileValueSourceConfiguration [null] for test class [com.edu.book.springboot.domain.posts.PostsRepositoryTest]
00:54:59.919 [Test worker] DEBUG org.springframework.test.annotation.ProfileValueUtils - Retrieved ProfileValueSource type [class org.springframework.test.annotation.SystemProfileValueSource] for class [com.edu.book.springboot.domain.posts.PostsRepositoryTest]
00:54:59.920 [Test worker] DEBUG org.springframework.test.annotation.ProfileValueUtils - Retrieved @ProfileValueSourceConfiguration [null] for test class [com.edu.book.springboot.domain.posts.PostsRepositoryTest]
00:54:59.920 [Test worker] DEBUG org.springframework.test.annotation.ProfileValueUtils - Retrieved ProfileValueSource type [class org.springframework.test.annotation.SystemProfileValueSource] for class [com.edu.book.springboot.domain.posts.PostsRepositoryTest]
00:54:59.923 [Test worker] DEBUG org.springframework.test.context.support.AbstractDirtiesContextTestExecutionListener - Before test class: context [DefaultTestContext@4c1bb197 testClass = PostsRepositoryTest, testInstance = [null], testMethod = [null], testException = [null], mergedContextConfiguration = [WebMergedContextConfiguration@6734396a testClass = PostsRepositoryTest, locations = '{}', classes = '{class com.edu.book.springboot.Application}', contextInitializerClasses = '[]', activeProfiles = '{}', propertySourceLocations = '{}', propertySourceProperties = '{org.springframework.boot.test.context.SpringBootTestContextBootstrapper=true}', contextCustomizers = set[org.springframework.boot.test.autoconfigure.properties.PropertyMappingContextCustomizer@0, org.springframework.boot.test.autoconfigure.web.servlet.WebDriverContextCustomizerFactory$Customizer@322d0fe3, org.springframework.boot.test.context.filter.ExcludeFilterContextCustomizer@4cca4238, org.springframework.boot.test.json.DuplicateJsonObjectContextCustomizerFactory$DuplicateJsonObjectContextCustomizer@4b02bd9, org.springframework.boot.test.mock.mockito.MockitoContextCustomizer@0, org.springframework.boot.test.web.client.TestRestTemplateContextCustomizer@2ecba094], resourceBasePath = 'src/main/webapp', contextLoader = 'org.springframework.boot.test.context.SpringBootContextLoader', parent = [null]], attributes = map['org.springframework.test.context.web.ServletTestExecutionListener.activateListener' -> true]], class annotated with @DirtiesContext [false] with mode [null].
00:54:59.923 [Test worker] DEBUG org.springframework.test.annotation.ProfileValueUtils - Retrieved @ProfileValueSourceConfiguration [null] for test class [com.edu.book.springboot.domain.posts.PostsRepositoryTest]
00:54:59.923 [Test worker] DEBUG org.springframework.test.annotation.ProfileValueUtils - Retrieved ProfileValueSource type [class org.springframework.test.annotation.SystemProfileValueSource] for class [com.edu.book.springboot.domain.posts.PostsRepositoryTest]
00:54:59.947 [Test worker] DEBUG org.springframework.test.context.support.TestPropertySourceUtils - Adding inlined properties to environment: {spring.jmx.enabled=false, org.springframework.boot.test.context.SpringBootTestContextBootstrapper=true, server.port=-1}

  .   ____          _            __ _ _
 /\\ / ___'_ __ _ _(_)_ __  __ _ \ \ \ \
( ( )\___ | '_ | '_| | '_ \/ _` | \ \ \ \
 \\/  ___)| |_)| | | | | || (_| |  ) ) ) )
  '  |____| .__|_| |_|_| |_\__, | / / / /
 =========|_|==============|___/=/_/_/_/
 :: Spring Boot ::        (v2.1.7.RELEASE)

2021-04-01 00:55:00.124  INFO 9196 --- [    Test worker] c.e.b.s.d.posts.PostsRepositoryTest      : Starting PostsRepositoryTest on DESKTOP-SC72C65 with PID 9196 (started by SeJin in C:\Users\SeJin\Desktop\Git\web_education\webservice)
2021-04-01 00:55:00.125  INFO 9196 --- [    Test worker] c.e.b.s.d.posts.PostsRepositoryTest      : No active profile set, falling back to default profiles: default
2021-04-01 00:55:00.620  INFO 9196 --- [    Test worker] .s.d.r.c.RepositoryConfigurationDelegate : Bootstrapping Spring Data repositories in DEFAULT mode.
2021-04-01 00:55:00.670  INFO 9196 --- [    Test worker] .s.d.r.c.RepositoryConfigurationDelegate : Finished Spring Data repository scanning in 44ms. Found 1 repository interfaces.
2021-04-01 00:55:00.948  INFO 9196 --- [    Test worker] trationDelegate$BeanPostProcessorChecker : Bean 'org.springframework.transaction.annotation.ProxyTransactionManagementConfiguration' of type [org.springframework.transaction.annotation.ProxyTransactionManagementConfiguration$$EnhancerBySpringCGLIB$$506c3cf9] is not eligible for getting processed by all BeanPostProcessors (for example: not eligible for auto-proxying)
2021-04-01 00:55:01.102  INFO 9196 --- [    Test worker] com.zaxxer.hikari.HikariDataSource       : HikariPool-1 - Starting...
2021-04-01 00:55:01.258  INFO 9196 --- [    Test worker] com.zaxxer.hikari.HikariDataSource       : HikariPool-1 - Start completed.
2021-04-01 00:55:01.324  INFO 9196 --- [    Test worker] o.hibernate.jpa.internal.util.LogHelper  : HHH000204: Processing PersistenceUnitInfo [
	name: default
	...]
2021-04-01 00:55:01.381  INFO 9196 --- [    Test worker] org.hibernate.Version                    : HHH000412: Hibernate Core {5.3.10.Final}
2021-04-01 00:55:01.383  INFO 9196 --- [    Test worker] org.hibernate.cfg.Environment            : HHH000206: hibernate.properties not found
2021-04-01 00:55:01.511  INFO 9196 --- [    Test worker] o.hibernate.annotations.common.Version   : HCANN000001: Hibernate Commons Annotations {5.0.4.Final}
2021-04-01 00:55:01.639  INFO 9196 --- [    Test worker] org.hibernate.dialect.Dialect            : HHH000400: Using dialect: org.hibernate.dialect.MySQL5InnoDBDialect
Hibernate: drop table if exists posts
Hibernate: create table posts (id bigint not null auto_increment, author varchar(255), content TEXT not null, title varchar(500) not null, primary key (id)) engine=InnoDB
2021-04-01 00:55:02.147  INFO 9196 --- [    Test worker] o.h.t.schema.internal.SchemaCreatorImpl  : HHH000476: Executing import script 'org.hibernate.tool.schema.internal.exec.ScriptSourceInputNonExistentImpl@67f15062'
2021-04-01 00:55:02.151  INFO 9196 --- [    Test worker] j.LocalContainerEntityManagerFactoryBean : Initialized JPA EntityManagerFactory for persistence unit 'default'
2021-04-01 00:55:02.934  INFO 9196 --- [    Test worker] o.s.s.concurrent.ThreadPoolTaskExecutor  : Initializing ExecutorService 'applicationTaskExecutor'
2021-04-01 00:55:02.989  WARN 9196 --- [    Test worker] aWebConfiguration$JpaWebMvcConfiguration : spring.jpa.open-in-view is enabled by default. Therefore, database queries may be performed during view rendering. Explicitly configure spring.jpa.open-in-view to disable this warning
2021-04-01 00:55:03.337  INFO 9196 --- [    Test worker] c.e.b.s.d.posts.PostsRepositoryTest      : Started PostsRepositoryTest in 3.384 seconds (JVM running for 4.112)
Hibernate: insert into posts (author, content, title) values (?, ?, ?)
2021-04-01 00:55:03.611  INFO 9196 --- [    Test worker] o.h.h.i.QueryTranslatorFactoryInitiator  : HHH000397: Using ASTQueryTranslatorFactory
Hibernate: select posts0_.id as id1_0_, posts0_.author as author2_0_, posts0_.content as content3_0_, posts0_.title as title4_0_ from posts posts0_
Hibernate: select posts0_.id as id1_0_, posts0_.author as author2_0_, posts0_.content as content3_0_, posts0_.title as title4_0_ from posts posts0_
Hibernate: delete from posts where id=?
]]></system-out>
  <system-err><![CDATA[]]></system-err>
</testsuite>
