<?xml version="1.0" encoding="UTF-8"?>
<testsuite name="com.edu.book.springboot.Controller.PostsApiControllerTest" tests="2" skipped="0" failures="0" errors="0" timestamp="2021-08-04T13:00:04" hostname="DESKTOP-SC72C65" time="0.135">
  <properties/>
  <testcase name="Posts_등록된다" classname="com.edu.book.springboot.Controller.PostsApiControllerTest" time="0.116"/>
  <testcase name="Posts_수정된다" classname="com.edu.book.springboot.Controller.PostsApiControllerTest" time="0.019"/>
  <system-out><![CDATA[2021-08-04 22:00:04.591  INFO 22496 --- [    Test worker] .b.t.c.SpringBootTestContextBootstrapper : Neither @ContextConfiguration nor @ContextHierarchy found for test class [com.edu.book.springboot.Controller.PostsApiControllerTest], using SpringBootContextLoader
2021-08-04 22:00:04.592  INFO 22496 --- [    Test worker] o.s.t.c.support.AbstractContextLoader    : Could not detect default resource locations for test class [com.edu.book.springboot.Controller.PostsApiControllerTest]: no resource found for suffixes {-context.xml, Context.groovy}.
2021-08-04 22:00:04.592  INFO 22496 --- [    Test worker] t.c.s.AnnotationConfigContextLoaderUtils : Could not detect default configuration classes for test class [com.edu.book.springboot.Controller.PostsApiControllerTest]: PostsApiControllerTest does not declare any static, non-private, non-final, nested classes annotated with @Configuration.
2021-08-04 22:00:04.593  INFO 22496 --- [    Test worker] .b.t.c.SpringBootTestContextBootstrapper : Found @SpringBootConfiguration com.edu.book.springboot.Application for test class com.edu.book.springboot.Controller.PostsApiControllerTest
2021-08-04 22:00:04.594  INFO 22496 --- [    Test worker] .b.t.c.SpringBootTestContextBootstrapper : Loaded default TestExecutionListener class names from location [META-INF/spring.factories]: [org.springframework.security.test.context.support.WithSecurityContextTestExecutionListener, org.springframework.security.test.context.support.ReactorContextTestExecutionListener, org.springframework.boot.test.autoconfigure.restdocs.RestDocsTestExecutionListener, org.springframework.boot.test.autoconfigure.web.client.MockRestServiceServerResetTestExecutionListener, org.springframework.boot.test.autoconfigure.web.servlet.MockMvcPrintOnlyOnFailureTestExecutionListener, org.springframework.boot.test.autoconfigure.web.servlet.WebDriverTestExecutionListener, org.springframework.boot.test.mock.mockito.MockitoTestExecutionListener, org.springframework.boot.test.mock.mockito.ResetMocksTestExecutionListener, org.springframework.test.context.web.ServletTestExecutionListener, org.springframework.test.context.support.DirtiesContextBeforeModesTestExecutionListener, org.springframework.test.context.support.DependencyInjectionTestExecutionListener, org.springframework.test.context.support.DirtiesContextTestExecutionListener, org.springframework.test.context.transaction.TransactionalTestExecutionListener, org.springframework.test.context.jdbc.SqlScriptsTestExecutionListener]
2021-08-04 22:00:04.595  INFO 22496 --- [    Test worker] .b.t.c.SpringBootTestContextBootstrapper : Using TestExecutionListeners: [org.springframework.test.context.web.ServletTestExecutionListener@305c207c, org.springframework.test.context.support.DirtiesContextBeforeModesTestExecutionListener@39c66d1, org.springframework.boot.test.mock.mockito.MockitoTestExecutionListener@d4e8ad9, org.springframework.boot.test.autoconfigure.SpringBootDependencyInjectionTestExecutionListener@37c34219, org.springframework.test.context.support.DirtiesContextTestExecutionListener@66cdcb5d, org.springframework.test.context.transaction.TransactionalTestExecutionListener@68793bb, org.springframework.test.context.jdbc.SqlScriptsTestExecutionListener@7fe6c9f0, org.springframework.security.test.context.support.WithSecurityContextTestExecutionListener@52989f9f, org.springframework.security.test.context.support.ReactorContextTestExecutionListener@5a8731b2, org.springframework.boot.test.autoconfigure.restdocs.RestDocsTestExecutionListener@60a76b12, org.springframework.boot.test.autoconfigure.web.client.MockRestServiceServerResetTestExecutionListener@294787bf, org.springframework.boot.test.autoconfigure.web.servlet.MockMvcPrintOnlyOnFailureTestExecutionListener@3f35816f, org.springframework.boot.test.autoconfigure.web.servlet.WebDriverTestExecutionListener@5c5c2d9a, org.springframework.boot.test.mock.mockito.ResetMocksTestExecutionListener@7f822f8]
2021-08-04 22:00:04.602  INFO 22496 --- [    Test worker] o.a.c.c.C.[Tomcat].[localhost].[/]       : Initializing Spring TestDispatcherServlet ''
2021-08-04 22:00:04.602  INFO 22496 --- [    Test worker] o.s.t.web.servlet.TestDispatcherServlet  : Initializing Servlet ''
2021-08-04 22:00:04.604  INFO 22496 --- [    Test worker] o.s.t.web.servlet.TestDispatcherServlet  : Completed initialization in 2 ms
Hibernate: insert into posts (created_date, modified_date, author, content, title) values (?, ?, ?, ?, ?)
Hibernate: select posts0_.id as id1_0_, posts0_.created_date as created_2_0_, posts0_.modified_date as modified3_0_, posts0_.author as author4_0_, posts0_.content as content5_0_, posts0_.title as title6_0_ from posts posts0_
Hibernate: select posts0_.id as id1_0_, posts0_.created_date as created_2_0_, posts0_.modified_date as modified3_0_, posts0_.author as author4_0_, posts0_.content as content5_0_, posts0_.title as title6_0_ from posts posts0_
Hibernate: delete from posts where id=?
2021-08-04 22:00:04.715  INFO 22496 --- [    Test worker] o.a.c.c.C.[Tomcat].[localhost].[/]       : Initializing Spring TestDispatcherServlet ''
2021-08-04 22:00:04.715  INFO 22496 --- [    Test worker] o.s.t.web.servlet.TestDispatcherServlet  : Initializing Servlet ''
2021-08-04 22:00:04.716  INFO 22496 --- [    Test worker] o.s.t.web.servlet.TestDispatcherServlet  : Completed initialization in 1 ms
Hibernate: insert into posts (created_date, modified_date, author, content, title) values (?, ?, ?, ?, ?)
Hibernate: select posts0_.id as id1_0_0_, posts0_.created_date as created_2_0_0_, posts0_.modified_date as modified3_0_0_, posts0_.author as author4_0_0_, posts0_.content as content5_0_0_, posts0_.title as title6_0_0_ from posts posts0_ where posts0_.id=?
Hibernate: update posts set created_date=?, modified_date=?, author=?, content=?, title=? where id=?
Hibernate: select posts0_.id as id1_0_, posts0_.created_date as created_2_0_, posts0_.modified_date as modified3_0_, posts0_.author as author4_0_, posts0_.content as content5_0_, posts0_.title as title6_0_ from posts posts0_
Hibernate: select posts0_.id as id1_0_, posts0_.created_date as created_2_0_, posts0_.modified_date as modified3_0_, posts0_.author as author4_0_, posts0_.content as content5_0_, posts0_.title as title6_0_ from posts posts0_
Hibernate: delete from posts where id=?
]]></system-out>
  <system-err><![CDATA[]]></system-err>
</testsuite>
