<?xml version="1.0" encoding="UTF-8"?>
<testsuite name="com.edu.book.springboot.Controller.IndexControllerTest" tests="1" skipped="0" failures="0" errors="0" timestamp="2021-08-25T05:31:13" hostname="DESKTOP-SC72C65" time="0.322">
  <properties/>
  <testcase name="메인페이지_로딩" classname="com.edu.book.springboot.Controller.IndexControllerTest" time="0.322"/>
  <system-out><![CDATA[14:31:07.562 [Test worker] DEBUG org.springframework.test.context.junit4.SpringJUnit4ClassRunner - SpringJUnit4ClassRunner constructor called with [class com.edu.book.springboot.Controller.IndexControllerTest]
14:31:07.568 [Test worker] DEBUG org.springframework.test.context.BootstrapUtils - Instantiating CacheAwareContextLoaderDelegate from class [org.springframework.test.context.cache.DefaultCacheAwareContextLoaderDelegate]
14:31:07.575 [Test worker] DEBUG org.springframework.test.context.BootstrapUtils - Instantiating BootstrapContext using constructor [public org.springframework.test.context.support.DefaultBootstrapContext(java.lang.Class,org.springframework.test.context.CacheAwareContextLoaderDelegate)]
14:31:07.588 [Test worker] DEBUG org.springframework.test.context.BootstrapUtils - Instantiating TestContextBootstrapper for test class [com.edu.book.springboot.Controller.IndexControllerTest] from class [org.springframework.boot.test.context.SpringBootTestContextBootstrapper]
14:31:07.599 [Test worker] INFO org.springframework.boot.test.context.SpringBootTestContextBootstrapper - Neither @ContextConfiguration nor @ContextHierarchy found for test class [com.edu.book.springboot.Controller.IndexControllerTest], using SpringBootContextLoader
14:31:07.602 [Test worker] DEBUG org.springframework.test.context.support.AbstractContextLoader - Did not detect default resource location for test class [com.edu.book.springboot.Controller.IndexControllerTest]: class path resource [com/edu/book/springboot/Controller/IndexControllerTest-context.xml] does not exist
14:31:07.603 [Test worker] DEBUG org.springframework.test.context.support.AbstractContextLoader - Did not detect default resource location for test class [com.edu.book.springboot.Controller.IndexControllerTest]: class path resource [com/edu/book/springboot/Controller/IndexControllerTestContext.groovy] does not exist
14:31:07.603 [Test worker] INFO org.springframework.test.context.support.AbstractContextLoader - Could not detect default resource locations for test class [com.edu.book.springboot.Controller.IndexControllerTest]: no resource found for suffixes {-context.xml, Context.groovy}.
14:31:07.603 [Test worker] INFO org.springframework.test.context.support.AnnotationConfigContextLoaderUtils - Could not detect default configuration classes for test class [com.edu.book.springboot.Controller.IndexControllerTest]: IndexControllerTest does not declare any static, non-private, non-final, nested classes annotated with @Configuration.
14:31:07.636 [Test worker] DEBUG org.springframework.test.context.support.ActiveProfilesUtils - Could not find an 'annotation declaring class' for annotation type [org.springframework.test.context.ActiveProfiles] and class [com.edu.book.springboot.Controller.IndexControllerTest]
14:31:07.713 [Test worker] DEBUG org.springframework.context.annotation.ClassPathScanningCandidateComponentProvider - Identified candidate component class: file [C:\Users\SeJin\Desktop\Git\web_education\webservice\build\classes\java\main\com\edu\book\springboot\Application.class]
14:31:07.714 [Test worker] INFO org.springframework.boot.test.context.SpringBootTestContextBootstrapper - Found @SpringBootConfiguration com.edu.book.springboot.Application for test class com.edu.book.springboot.Controller.IndexControllerTest
14:31:07.800 [Test worker] DEBUG org.springframework.boot.test.context.SpringBootTestContextBootstrapper - @TestExecutionListeners is not present for class [com.edu.book.springboot.Controller.IndexControllerTest]: using defaults.
14:31:07.800 [Test worker] INFO org.springframework.boot.test.context.SpringBootTestContextBootstrapper - Loaded default TestExecutionListener class names from location [META-INF/spring.factories]: [org.springframework.security.test.context.support.WithSecurityContextTestExecutionListener, org.springframework.security.test.context.support.ReactorContextTestExecutionListener, org.springframework.boot.test.autoconfigure.restdocs.RestDocsTestExecutionListener, org.springframework.boot.test.autoconfigure.web.client.MockRestServiceServerResetTestExecutionListener, org.springframework.boot.test.autoconfigure.web.servlet.MockMvcPrintOnlyOnFailureTestExecutionListener, org.springframework.boot.test.autoconfigure.web.servlet.WebDriverTestExecutionListener, org.springframework.boot.test.mock.mockito.MockitoTestExecutionListener, org.springframework.boot.test.mock.mockito.ResetMocksTestExecutionListener, org.springframework.test.context.web.ServletTestExecutionListener, org.springframework.test.context.support.DirtiesContextBeforeModesTestExecutionListener, org.springframework.test.context.support.DependencyInjectionTestExecutionListener, org.springframework.test.context.support.DirtiesContextTestExecutionListener, org.springframework.test.context.transaction.TransactionalTestExecutionListener, org.springframework.test.context.jdbc.SqlScriptsTestExecutionListener]
14:31:07.818 [Test worker] INFO org.springframework.boot.test.context.SpringBootTestContextBootstrapper - Using TestExecutionListeners: [org.springframework.test.context.web.ServletTestExecutionListener@24743e4a, org.springframework.test.context.support.DirtiesContextBeforeModesTestExecutionListener@43f5f24c, org.springframework.boot.test.mock.mockito.MockitoTestExecutionListener@2ba550bd, org.springframework.boot.test.autoconfigure.SpringBootDependencyInjectionTestExecutionListener@3c7e5cee, org.springframework.test.context.support.DirtiesContextTestExecutionListener@397db345, org.springframework.test.context.transaction.TransactionalTestExecutionListener@557651b4, org.springframework.test.context.jdbc.SqlScriptsTestExecutionListener@54d7d31f, org.springframework.security.test.context.support.WithSecurityContextTestExecutionListener@1a806c47, org.springframework.security.test.context.support.ReactorContextTestExecutionListener@4e3303c9, org.springframework.boot.test.autoconfigure.restdocs.RestDocsTestExecutionListener@29af104a, org.springframework.boot.test.autoconfigure.web.client.MockRestServiceServerResetTestExecutionListener@430a614b, org.springframework.boot.test.autoconfigure.web.servlet.MockMvcPrintOnlyOnFailureTestExecutionListener@5a71df39, org.springframework.boot.test.autoconfigure.web.servlet.WebDriverTestExecutionListener@c0aa2f5, org.springframework.boot.test.mock.mockito.ResetMocksTestExecutionListener@5df6de7e]
14:31:07.821 [Test worker] DEBUG org.springframework.test.annotation.ProfileValueUtils - Retrieved @ProfileValueSourceConfiguration [null] for test class [com.edu.book.springboot.Controller.IndexControllerTest]
14:31:07.821 [Test worker] DEBUG org.springframework.test.annotation.ProfileValueUtils - Retrieved ProfileValueSource type [class org.springframework.test.annotation.SystemProfileValueSource] for class [com.edu.book.springboot.Controller.IndexControllerTest]
14:31:07.822 [Test worker] DEBUG org.springframework.test.annotation.ProfileValueUtils - Retrieved @ProfileValueSourceConfiguration [null] for test class [com.edu.book.springboot.Controller.IndexControllerTest]
14:31:07.822 [Test worker] DEBUG org.springframework.test.annotation.ProfileValueUtils - Retrieved ProfileValueSource type [class org.springframework.test.annotation.SystemProfileValueSource] for class [com.edu.book.springboot.Controller.IndexControllerTest]
14:31:07.823 [Test worker] DEBUG org.springframework.test.annotation.ProfileValueUtils - Retrieved @ProfileValueSourceConfiguration [null] for test class [com.edu.book.springboot.Controller.IndexControllerTest]
14:31:07.823 [Test worker] DEBUG org.springframework.test.annotation.ProfileValueUtils - Retrieved ProfileValueSource type [class org.springframework.test.annotation.SystemProfileValueSource] for class [com.edu.book.springboot.Controller.IndexControllerTest]
14:31:07.826 [Test worker] DEBUG org.springframework.test.context.support.AbstractDirtiesContextTestExecutionListener - Before test class: context [DefaultTestContext@5a18d8c0 testClass = IndexControllerTest, testInstance = [null], testMethod = [null], testException = [null], mergedContextConfiguration = [WebMergedContextConfiguration@35e3304b testClass = IndexControllerTest, locations = '{}', classes = '{class com.edu.book.springboot.Application}', contextInitializerClasses = '[]', activeProfiles = '{}', propertySourceLocations = '{}', propertySourceProperties = '{org.springframework.boot.test.context.SpringBootTestContextBootstrapper=true, server.port=0}', contextCustomizers = set[org.springframework.boot.test.autoconfigure.properties.PropertyMappingContextCustomizer@0, org.springframework.boot.test.autoconfigure.web.servlet.WebDriverContextCustomizerFactory$Customizer@54234c9a, org.springframework.boot.test.context.filter.ExcludeFilterContextCustomizer@3270bb3f, org.springframework.boot.test.json.DuplicateJsonObjectContextCustomizerFactory$DuplicateJsonObjectContextCustomizer@12508bff, org.springframework.boot.test.mock.mockito.MockitoContextCustomizer@0, org.springframework.boot.test.web.client.TestRestTemplateContextCustomizer@7dfcce65], resourceBasePath = 'src/main/webapp', contextLoader = 'org.springframework.boot.test.context.SpringBootContextLoader', parent = [null]], attributes = map['org.springframework.test.context.web.ServletTestExecutionListener.activateListener' -> false]], class annotated with @DirtiesContext [false] with mode [null].
14:31:07.827 [Test worker] DEBUG org.springframework.test.annotation.ProfileValueUtils - Retrieved @ProfileValueSourceConfiguration [null] for test class [com.edu.book.springboot.Controller.IndexControllerTest]
14:31:07.827 [Test worker] DEBUG org.springframework.test.annotation.ProfileValueUtils - Retrieved ProfileValueSource type [class org.springframework.test.annotation.SystemProfileValueSource] for class [com.edu.book.springboot.Controller.IndexControllerTest]
14:31:07.830 [Test worker] DEBUG org.springframework.test.context.support.DependencyInjectionTestExecutionListener - Performing dependency injection for test context [[DefaultTestContext@5a18d8c0 testClass = IndexControllerTest, testInstance = com.edu.book.springboot.Controller.IndexControllerTest@21aaa8eb, testMethod = [null], testException = [null], mergedContextConfiguration = [WebMergedContextConfiguration@35e3304b testClass = IndexControllerTest, locations = '{}', classes = '{class com.edu.book.springboot.Application}', contextInitializerClasses = '[]', activeProfiles = '{}', propertySourceLocations = '{}', propertySourceProperties = '{org.springframework.boot.test.context.SpringBootTestContextBootstrapper=true, server.port=0}', contextCustomizers = set[org.springframework.boot.test.autoconfigure.properties.PropertyMappingContextCustomizer@0, org.springframework.boot.test.autoconfigure.web.servlet.WebDriverContextCustomizerFactory$Customizer@54234c9a, org.springframework.boot.test.context.filter.ExcludeFilterContextCustomizer@3270bb3f, org.springframework.boot.test.json.DuplicateJsonObjectContextCustomizerFactory$DuplicateJsonObjectContextCustomizer@12508bff, org.springframework.boot.test.mock.mockito.MockitoContextCustomizer@0, org.springframework.boot.test.web.client.TestRestTemplateContextCustomizer@7dfcce65], resourceBasePath = 'src/main/webapp', contextLoader = 'org.springframework.boot.test.context.SpringBootContextLoader', parent = [null]], attributes = map['org.springframework.test.context.web.ServletTestExecutionListener.activateListener' -> false]]].
14:31:07.846 [Test worker] DEBUG org.springframework.test.context.support.TestPropertySourceUtils - Adding inlined properties to environment: {spring.jmx.enabled=false, org.springframework.boot.test.context.SpringBootTestContextBootstrapper=true, server.port=0}

  .   ____          _            __ _ _
 /\\ / ___'_ __ _ _(_)_ __  __ _ \ \ \ \
( ( )\___ | '_ | '_| | '_ \/ _` | \ \ \ \
 \\/  ___)| |_)| | | | | || (_| |  ) ) ) )
  '  |____| .__|_| |_|_| |_\__, | / / / /
 =========|_|==============|___/=/_/_/_/
 :: Spring Boot ::        (v2.1.7.RELEASE)

2021-08-25 14:31:08.055  INFO 14544 --- [    Test worker] c.e.b.s.Controller.IndexControllerTest   : Starting IndexControllerTest on DESKTOP-SC72C65 with PID 14544 (started by SeJin in C:\Users\SeJin\Desktop\Git\web_education\webservice)
2021-08-25 14:31:08.056  INFO 14544 --- [    Test worker] c.e.b.s.Controller.IndexControllerTest   : No active profile set, falling back to default profiles: default
2021-08-25 14:31:08.671  INFO 14544 --- [    Test worker] .s.d.r.c.RepositoryConfigurationDelegate : Bootstrapping Spring Data repositories in DEFAULT mode.
2021-08-25 14:31:08.742  INFO 14544 --- [    Test worker] .s.d.r.c.RepositoryConfigurationDelegate : Finished Spring Data repository scanning in 65ms. Found 2 repository interfaces.
2021-08-25 14:31:09.102  INFO 14544 --- [    Test worker] trationDelegate$BeanPostProcessorChecker : Bean 'org.springframework.transaction.annotation.ProxyTransactionManagementConfiguration' of type [org.springframework.transaction.annotation.ProxyTransactionManagementConfiguration$$EnhancerBySpringCGLIB$$9e70893a] is not eligible for getting processed by all BeanPostProcessors (for example: not eligible for auto-proxying)
2021-08-25 14:31:09.428  INFO 14544 --- [    Test worker] o.s.b.w.embedded.tomcat.TomcatWebServer  : Tomcat initialized with port(s): 0 (http)
2021-08-25 14:31:09.448  INFO 14544 --- [    Test worker] o.apache.catalina.core.StandardService   : Starting service [Tomcat]
2021-08-25 14:31:09.448  INFO 14544 --- [    Test worker] org.apache.catalina.core.StandardEngine  : Starting Servlet engine: [Apache Tomcat/9.0.22]
2021-08-25 14:31:09.554  INFO 14544 --- [    Test worker] o.a.c.c.C.[Tomcat].[localhost].[/]       : Initializing Spring embedded WebApplicationContext
2021-08-25 14:31:09.554  INFO 14544 --- [    Test worker] o.s.web.context.ContextLoader            : Root WebApplicationContext: initialization completed in 1481 ms
2021-08-25 14:31:09.784  INFO 14544 --- [    Test worker] com.zaxxer.hikari.HikariDataSource       : HikariPool-1 - Starting...
2021-08-25 14:31:09.939  INFO 14544 --- [    Test worker] com.zaxxer.hikari.HikariDataSource       : HikariPool-1 - Start completed.
2021-08-25 14:31:10.054  INFO 14544 --- [    Test worker] o.hibernate.jpa.internal.util.LogHelper  : HHH000204: Processing PersistenceUnitInfo [
	name: default
	...]
2021-08-25 14:31:10.141  INFO 14544 --- [    Test worker] org.hibernate.Version                    : HHH000412: Hibernate Core {5.3.10.Final}
2021-08-25 14:31:10.143  INFO 14544 --- [    Test worker] org.hibernate.cfg.Environment            : HHH000206: hibernate.properties not found
2021-08-25 14:31:10.308  INFO 14544 --- [    Test worker] o.hibernate.annotations.common.Version   : HCANN000001: Hibernate Commons Annotations {5.0.4.Final}
2021-08-25 14:31:10.465  INFO 14544 --- [    Test worker] org.hibernate.dialect.Dialect            : HHH000400: Using dialect: org.hibernate.dialect.MySQL5InnoDBDialect
Hibernate: drop table if exists posts
Hibernate: drop table if exists user
Hibernate: create table posts (id bigint not null auto_increment, created_date datetime, modified_date datetime, author varchar(255), content TEXT not null, title varchar(500) not null, primary key (id)) engine=InnoDB
Hibernate: create table user (id bigint not null auto_increment, email varchar(255) not null, name varchar(255) not null, picture varchar(255), role varchar(255) not null, primary key (id)) engine=InnoDB
2021-08-25 14:31:11.075  INFO 14544 --- [    Test worker] o.h.t.schema.internal.SchemaCreatorImpl  : HHH000476: Executing import script 'org.hibernate.tool.schema.internal.exec.ScriptSourceInputNonExistentImpl@7d6394ee'
2021-08-25 14:31:11.078  INFO 14544 --- [    Test worker] j.LocalContainerEntityManagerFactoryBean : Initialized JPA EntityManagerFactory for persistence unit 'default'
2021-08-25 14:31:11.599  INFO 14544 --- [    Test worker] o.h.h.i.QueryTranslatorFactoryInitiator  : HHH000397: Using ASTQueryTranslatorFactory
2021-08-25 14:31:12.238  INFO 14544 --- [    Test worker] o.s.s.web.DefaultSecurityFilterChain     : Creating filter chain: any request, [org.springframework.security.web.context.request.async.WebAsyncManagerIntegrationFilter@adef705, org.springframework.security.web.context.SecurityContextPersistenceFilter@4c328beb, org.springframework.security.web.header.HeaderWriterFilter@46bb4f73, org.springframework.security.web.authentication.logout.LogoutFilter@1c60c500, org.springframework.security.oauth2.client.web.OAuth2AuthorizationRequestRedirectFilter@34cfa2f4, org.springframework.security.oauth2.client.web.OAuth2LoginAuthenticationFilter@572c4e01, org.springframework.security.web.authentication.ui.DefaultLoginPageGeneratingFilter@5623ffad, org.springframework.security.web.authentication.ui.DefaultLogoutPageGeneratingFilter@713f26ba, org.springframework.security.web.savedrequest.RequestCacheAwareFilter@71833824, org.springframework.security.web.servletapi.SecurityContextHolderAwareRequestFilter@995074e, org.springframework.security.web.authentication.AnonymousAuthenticationFilter@3ba729b0, org.springframework.security.web.session.SessionManagementFilter@21fad278, org.springframework.security.web.access.ExceptionTranslationFilter@6e994dab, org.springframework.security.web.access.intercept.FilterSecurityInterceptor@6adbe6f9]
2021-08-25 14:31:12.581  INFO 14544 --- [    Test worker] o.s.s.concurrent.ThreadPoolTaskExecutor  : Initializing ExecutorService 'applicationTaskExecutor'
2021-08-25 14:31:12.637  WARN 14544 --- [    Test worker] aWebConfiguration$JpaWebMvcConfiguration : spring.jpa.open-in-view is enabled by default. Therefore, database queries may be performed during view rendering. Explicitly configure spring.jpa.open-in-view to disable this warning
2021-08-25 14:31:12.689  INFO 14544 --- [    Test worker] o.s.b.a.w.s.WelcomePageHandlerMapping    : Adding welcome page template: index
2021-08-25 14:31:13.059  INFO 14544 --- [    Test worker] s.a.ScheduledAnnotationBeanPostProcessor : No TaskScheduler/ScheduledExecutorService bean found for scheduled processing
2021-08-25 14:31:13.080  INFO 14544 --- [    Test worker] o.s.b.w.embedded.tomcat.TomcatWebServer  : Tomcat started on port(s): 12712 (http) with context path ''
2021-08-25 14:31:13.082  INFO 14544 --- [    Test worker] c.e.b.s.Controller.IndexControllerTest   : Started IndexControllerTest in 5.235 seconds (JVM running for 5.982)
2021-08-25 14:31:13.210  INFO 14544 --- [o-auto-1-exec-1] o.a.c.c.C.[Tomcat].[localhost].[/]       : Initializing Spring DispatcherServlet 'dispatcherServlet'
2021-08-25 14:31:13.211  INFO 14544 --- [o-auto-1-exec-1] o.s.web.servlet.DispatcherServlet        : Initializing Servlet 'dispatcherServlet'
2021-08-25 14:31:13.230  INFO 14544 --- [o-auto-1-exec-1] o.s.web.servlet.DispatcherServlet        : Completed initialization in 19 ms
Hibernate: select posts0_.id as id1_0_, posts0_.created_date as created_2_0_, posts0_.modified_date as modified3_0_, posts0_.author as author4_0_, posts0_.content as content5_0_, posts0_.title as title6_0_ from posts posts0_ order by posts0_.id DESC
]]></system-out>
  <system-err><![CDATA[]]></system-err>
</testsuite>
